Using pre-set license
Built from '2020.3/staging' branch; Version is '2020.3.4f1 (0abb6314276a) revision 703331'; Using compiler version '192528614'; Build Type 'Release'
OS: 'Windows 10 Pro; OS build 19042.1110; Version 2009; 64bit' Language: 'en' Physical Memory: 16260 MB
BatchMode: 1, IsHumanControllingUs: 0, StartBugReporterOnCrash: 0, Is64bit: 1, IsPro: 0

 COMMAND LINE ARGUMENTS:
C:\Program Files\Unity\Hub\Editor\2020.3.4f1\Editor\Unity.exe
-adb2
-batchMode
-noUpm
-name
AssetImportWorker0
-projectPath
C:/Users/Gopalakrishnareddy/FPS and TPS Game
-logFile
Logs/AssetImportWorker0.log
-srvPort
59000
Successfully changed project path to: C:/Users/Gopalakrishnareddy/FPS and TPS Game
C:/Users/Gopalakrishnareddy/FPS and TPS Game
Using Asset Import Pipeline V2.
Refreshing native plugins compatible for Editor in 26.01 ms, found 0 plugins.
Preloading 0 native plugins for Editor in 0.00 ms.
Initialize engine version: 2020.3.4f1 (0abb6314276a)
[Subsystems] Discovering subsystems at path C:/Program Files/Unity/Hub/Editor/2020.3.4f1/Editor/Data/Resources/UnitySubsystems
[Subsystems] Discovering subsystems at path C:/Users/Gopalakrishnareddy/FPS and TPS Game/Assets
GfxDevice: creating device client; threaded=0
Direct3D:
    Version:  Direct3D 11.0 [level 11.1]
    Renderer: Intel(R) UHD Graphics 620 (ID=0x3ea0)
    Vendor:   
    VRAM:     8130 MB
    Driver:   27.20.100.8935
Initialize mono
Mono path[0] = 'C:/Program Files/Unity/Hub/Editor/2020.3.4f1/Editor/Data/Managed'
Mono path[1] = 'C:/Program Files/Unity/Hub/Editor/2020.3.4f1/Editor/Data/MonoBleedingEdge/lib/mono/unityjit'
Mono config path = 'C:/Program Files/Unity/Hub/Editor/2020.3.4f1/Editor/Data/MonoBleedingEdge/etc'
Using monoOptions --debugger-agent=transport=dt_socket,embedding=1,server=y,suspend=n,address=127.0.0.1:56416
Begin MonoManager ReloadAssembly
Registering precompiled unity dll's ...
Register platform support module: C:/Program Files/Unity/Hub/Editor/2020.3.4f1/Editor/Data/PlaybackEngines/WindowsStandaloneSupport/UnityEditor.WindowsStandalone.Extensions.dll
Registered in 0.001678 seconds.
Native extension for WindowsStandalone target not found
Refreshing native plugins compatible for Editor in 27.45 ms, found 0 plugins.
Preloading 0 native plugins for Editor in 0.00 ms.
Mono: successfully reloaded assembly
- Completed reload, in  1.725 seconds
Platform modules already initialized, skipping
Registering precompiled user dll's ...
Registered in 0.000674 seconds.
Begin MonoManager ReloadAssembly
Native extension for WindowsStandalone target not found
Refreshing native plugins compatible for Editor in 0.25 ms, found 0 plugins.
Preloading 0 native plugins for Editor in 0.00 ms.
Mono: successfully reloaded assembly
- Completed reload, in  0.797 seconds
Platform modules already initialized, skipping
========================================================================
Worker process is ready to serve import requests
Launched and connected shader compiler UnityShaderCompiler.exe after 0.04 seconds
Refreshing native plugins compatible for Editor in 0.25 ms, found 0 plugins.
Preloading 0 native plugins for Editor in 0.00 ms.
Unloading 1132 Unused Serialized files (Serialized files now loaded: 0)
System memory in use before: 72.5 MB.
System memory in use after: 72.6 MB.

Unloading 10 unused Assets to reduce memory usage. Loaded Objects now: 1608.
Total: 1.923800 ms (FindLiveObjects: 0.113300 ms CreateObjectMapping: 0.028300 ms MarkObjects: 1.685900 ms  DeleteObjects: 0.095200 ms)

========================================================================
Received Import Request.
  path: Assets/low-poly-bitcoin/source
  artifactKey: Guid(71fe9e3b0dfc84a4ea6ba25cea477e5a) Importer(815301076,1909f56bfc062723c751e8b465ee728b)
Start importing Assets/low-poly-bitcoin/source using Guid(71fe9e3b0dfc84a4ea6ba25cea477e5a) Importer(815301076,1909f56bfc062723c751e8b465ee728b)  -> (artifact id: '726e7aa305868f778d4af8ebadf4f743') in 0.008740 seconds
  Import took 0.010571 seconds .

========================================================================
Received Import Request.
  Time since last request: 0.000356 seconds.
  path: Assets/low-poly-bitcoin
  artifactKey: Guid(424efa1b836e5ba47b0367d92d3fd1ae) Importer(815301076,1909f56bfc062723c751e8b465ee728b)
Start importing Assets/low-poly-bitcoin using Guid(424efa1b836e5ba47b0367d92d3fd1ae) Importer(815301076,1909f56bfc062723c751e8b465ee728b)  -> (artifact id: 'ea5cddb8e134b3109898b6041bc7f27c') in 0.009781 seconds
  Import took 0.011793 seconds .

========================================================================
Received Import Request.
  Time since last request: 2.936427 seconds.
  path: Assets/low-poly-bitcoin/source/BitCoin_LowPoly.fbx
  artifactKey: Guid(3c23dfa2090676f49af6c9301dcc3aaa) Importer(815301076,1909f56bfc062723c751e8b465ee728b)
Start importing Assets/low-poly-bitcoin/source/BitCoin_LowPoly.fbx using Guid(3c23dfa2090676f49af6c9301dcc3aaa) Importer(815301076,1909f56bfc062723c751e8b465ee728b)  -> (artifact id: '3eab42a447b14b3767752767ae183abf') in 0.136471 seconds
  Import took 0.138882 seconds .

========================================================================
Received Import Request.
  Time since last request: 153.255858 seconds.
  path: ProjectSettings/TagManager.asset
  artifactKey: Guid(00000000000000003000000000000000) Importer(815301076,1909f56bfc062723c751e8b465ee728b)
Start importing ProjectSettings/TagManager.asset using Guid(00000000000000003000000000000000) Importer(815301076,1909f56bfc062723c751e8b465ee728b)  -> (artifact id: 'bb12c077ec46288831f4bd241451e7fd') in 0.012056 seconds
  Import took 0.014434 seconds .

========================================================================
Received Import Request.
  Time since last request: 0.002999 seconds.
  path: ProjectSettings/TagManager.asset
  artifactKey: Guid(00000000000000003000000000000000) Importer(815301076,1909f56bfc062723c751e8b465ee728b)
Start importing ProjectSettings/TagManager.asset using Guid(00000000000000003000000000000000) Importer(815301076,1909f56bfc062723c751e8b465ee728b)  -> (artifact id: 'bb12c077ec46288831f4bd241451e7fd') in 0.002404 seconds
  Import took 0.004359 seconds .

========================================================================
Received Import Request.
  Time since last request: 219.237166 seconds.
  path: Assets/french-coke-light-can
  artifactKey: Guid(7796be8ccae0f3c48893406ba927f8f6) Importer(815301076,1909f56bfc062723c751e8b465ee728b)
Start importing Assets/french-coke-light-can using Guid(7796be8ccae0f3c48893406ba927f8f6) Importer(815301076,1909f56bfc062723c751e8b465ee728b)  -> (artifact id: 'd144f37a35e35054b457b1a6c6986c50') in 0.009060 seconds
  Import took 0.011697 seconds .

========================================================================
Received Import Request.
  Time since last request: 1.382174 seconds.
  path: Assets/french-coke-light-can/source
  artifactKey: Guid(28d7d9c3040fb3b40a40398622395ea6) Importer(815301076,1909f56bfc062723c751e8b465ee728b)
Start importing Assets/french-coke-light-can/source using Guid(28d7d9c3040fb3b40a40398622395ea6) Importer(815301076,1909f56bfc062723c751e8b465ee728b)  -> (artifact id: 'da7fcfa2dc097a21691cbf4a8dc2c3a8') in 0.002119 seconds
  Import took 0.004152 seconds .

========================================================================
Received Import Request.
  Time since last request: 0.000639 seconds.
  path: Assets/french-coke-light-can/source
  artifactKey: Guid(28d7d9c3040fb3b40a40398622395ea6) Importer(815301076,1909f56bfc062723c751e8b465ee728b)
Start importing Assets/french-coke-light-can/source using Guid(28d7d9c3040fb3b40a40398622395ea6) Importer(815301076,1909f56bfc062723c751e8b465ee728b)  -> (artifact id: 'da7fcfa2dc097a21691cbf4a8dc2c3a8') in 0.002296 seconds
  Import took 0.004939 seconds .

========================================================================
Received Import Request.
  Time since last request: 0.296758 seconds.
  path: Assets/french-coke-light-can/source/coca.blend
  artifactKey: Guid(1a93fd1aa49a5734c971c33ba55aa178) Importer(815301076,1909f56bfc062723c751e8b465ee728b)
Start importing Assets/french-coke-light-can/source/coca.blend using Guid(1a93fd1aa49a5734c971c33ba55aa178) Importer(815301076,1909f56bfc062723c751e8b465ee728b)  -> (artifact id: 'ab0189c0ae164fdc2debba15f1dc63a8') in 0.009409 seconds
  Import took 0.011268 seconds .

========================================================================
Received Import Request.
  Time since last request: 0.003618 seconds.
  path: Assets/french-coke-light-can/source/coca.blend
  artifactKey: Guid(1a93fd1aa49a5734c971c33ba55aa178) Importer(815301076,1909f56bfc062723c751e8b465ee728b)
Start importing Assets/french-coke-light-can/source/coca.blend using Guid(1a93fd1aa49a5734c971c33ba55aa178) Importer(815301076,1909f56bfc062723c751e8b465ee728b)  -> (artifact id: 'ab0189c0ae164fdc2debba15f1dc63a8') in 0.002264 seconds
  Import took 0.004223 seconds .

========================================================================
Received Import Request.
  Time since last request: 2.180059 seconds.
  path: Assets/french-coke-light-can/textures
  artifactKey: Guid(5c8b7d180d4ec4b4d87864161047457a) Importer(815301076,1909f56bfc062723c751e8b465ee728b)
Start importing Assets/french-coke-light-can/textures using Guid(5c8b7d180d4ec4b4d87864161047457a) Importer(815301076,1909f56bfc062723c751e8b465ee728b)  -> (artifact id: '6234d79a8bd76bf0b8d4525cadd02d14') in 0.008606 seconds
  Import took 0.010563 seconds .

========================================================================
Received Import Request.
  Time since last request: 0.073102 seconds.
  path: Assets/french-coke-light-can/textures/ligt.jpg
  artifactKey: Guid(01d6bdb2f654f2846b5bfe5e235495f9) Importer(815301076,1909f56bfc062723c751e8b465ee728b)
Start importing Assets/french-coke-light-can/textures/ligt.jpg using Guid(01d6bdb2f654f2846b5bfe5e235495f9) Importer(815301076,1909f56bfc062723c751e8b465ee728b)  -> (artifact id: 'b3984187731e3435ca285612f2bf3483') in 0.027526 seconds
  Import took 0.029838 seconds .

========================================================================
Received Prepare
Registering precompiled user dll's ...
Registered in 0.000641 seconds.
Begin MonoManager ReloadAssembly
Native extension for WindowsStandalone target not found
Refreshing native plugins compatible for Editor in 0.25 ms, found 0 plugins.
Preloading 0 native plugins for Editor in 0.00 ms.
Mono: successfully reloaded assembly
- Completed reload, in  0.797 seconds
Platform modules already initialized, skipping
Refreshing native plugins compatible for Editor in 0.24 ms, found 0 plugins.
Preloading 0 native plugins for Editor in 0.00 ms.
Unloading 1125 Unused Serialized files (Serialized files now loaded: 0)
System memory in use before: 75.7 MB.
System memory in use after: 75.8 MB.

Unloading 7 unused Assets to reduce memory usage. Loaded Objects now: 1655.
Total: 1.956300 ms (FindLiveObjects: 0.173900 ms CreateObjectMapping: 0.054800 ms MarkObjects: 1.651200 ms  DeleteObjects: 0.075300 ms)

========================================================================
Received Import Request.
  Time since last request: 170.546267 seconds.
  path: Assets/Scripts/PlayerController.cs
  artifactKey: Guid(b5f014534e416c549bce7dbbd0442880) Importer(815301076,1909f56bfc062723c751e8b465ee728b)
Start importing Assets/Scripts/PlayerController.cs using Guid(b5f014534e416c549bce7dbbd0442880) Importer(815301076,1909f56bfc062723c751e8b465ee728b)  -> (artifact id: '82690a131a57e0cf723988b513421d5a') in 0.016266 seconds
  Import took 0.018374 seconds .

========================================================================
Received Import Request.
  Time since last request: 0.001569 seconds.
  path: Assets/Scripts/PlayerController.cs
  artifactKey: Guid(b5f014534e416c549bce7dbbd0442880) Importer(815301076,1909f56bfc062723c751e8b465ee728b)
Start importing Assets/Scripts/PlayerController.cs using Guid(b5f014534e416c549bce7dbbd0442880) Importer(815301076,1909f56bfc062723c751e8b465ee728b)  -> (artifact id: '82690a131a57e0cf723988b513421d5a') in 0.001962 seconds
  Import took 0.004016 seconds .

========================================================================
Received Prepare
Registering precompiled user dll's ...
Registered in 0.001213 seconds.
Begin MonoManager ReloadAssembly
Native extension for WindowsStandalone target not found
Refreshing native plugins compatible for Editor in 0.23 ms, found 0 plugins.
Preloading 0 native plugins for Editor in 0.00 ms.
Mono: successfully reloaded assembly
- Completed reload, in  0.787 seconds
Platform modules already initialized, skipping
Refreshing native plugins compatible for Editor in 0.26 ms, found 0 plugins.
Preloading 0 native plugins for Editor in 0.00 ms.
Unloading 1125 Unused Serialized files (Serialized files now loaded: 0)
System memory in use before: 75.8 MB.
System memory in use after: 75.8 MB.

Unloading 5 unused Assets to reduce memory usage. Loaded Objects now: 1658.
Total: 1.848800 ms (FindLiveObjects: 0.127500 ms CreateObjectMapping: 0.033300 ms MarkObjects: 1.616700 ms  DeleteObjects: 0.070000 ms)

========================================================================
Received Import Request.
  Time since last request: 39.319658 seconds.
  path: Assets/Scripts/PlayerController.cs
  artifactKey: Guid(b5f014534e416c549bce7dbbd0442880) Importer(815301076,1909f56bfc062723c751e8b465ee728b)
Start importing Assets/Scripts/PlayerController.cs using Guid(b5f014534e416c549bce7dbbd0442880) Importer(815301076,1909f56bfc062723c751e8b465ee728b)  -> (artifact id: '82ce635c7cc409a0f0e93595d2f05ef4') in 0.004070 seconds
  Import took 0.005949 seconds .

========================================================================
Received Prepare
Registering precompiled user dll's ...
Registered in 0.000623 seconds.
Begin MonoManager ReloadAssembly
Native extension for WindowsStandalone target not found
Refreshing native plugins compatible for Editor in 0.26 ms, found 0 plugins.
Preloading 0 native plugins for Editor in 0.00 ms.
Mono: successfully reloaded assembly
- Completed reload, in  0.777 seconds
Platform modules already initialized, skipping
Refreshing native plugins compatible for Editor in 0.24 ms, found 0 plugins.
Preloading 0 native plugins for Editor in 0.00 ms.
Unloading 1125 Unused Serialized files (Serialized files now loaded: 0)
System memory in use before: 75.8 MB.
System memory in use after: 75.8 MB.

Unloading 5 unused Assets to reduce memory usage. Loaded Objects now: 1661.
Total: 2.871900 ms (FindLiveObjects: 0.206400 ms CreateObjectMapping: 0.060300 ms MarkObjects: 2.524500 ms  DeleteObjects: 0.079200 ms)

========================================================================
Received Prepare
Registering precompiled user dll's ...
Registered in 0.000649 seconds.
Begin MonoManager ReloadAssembly
Native extension for WindowsStandalone target not found
Refreshing native plugins compatible for Editor in 0.36 ms, found 0 plugins.
Preloading 0 native plugins for Editor in 0.00 ms.
Mono: successfully reloaded assembly
- Completed reload, in  0.795 seconds
Platform modules already initialized, skipping
Refreshing native plugins compatible for Editor in 0.27 ms, found 0 plugins.
Preloading 0 native plugins for Editor in 0.00 ms.
Unloading 1125 Unused Serialized files (Serialized files now loaded: 0)
System memory in use before: 75.8 MB.
System memory in use after: 75.8 MB.

Unloading 5 unused Assets to reduce memory usage. Loaded Objects now: 1664.
Total: 1.937000 ms (FindLiveObjects: 0.146500 ms CreateObjectMapping: 0.036100 ms MarkObjects: 1.669200 ms  DeleteObjects: 0.083900 ms)

========================================================================
Received Import Request.
  Time since last request: 52.047285 seconds.
  path: Assets/Scripts/PlayerController.cs
  artifactKey: Guid(b5f014534e416c549bce7dbbd0442880) Importer(815301076,1909f56bfc062723c751e8b465ee728b)
Start importing Assets/Scripts/PlayerController.cs using Guid(b5f014534e416c549bce7dbbd0442880) Importer(815301076,1909f56bfc062723c751e8b465ee728b)  -> (artifact id: '8c60a6ebec7347d9252b01bc22c5856b') in 0.004369 seconds
  Import took 0.006606 seconds .

========================================================================
Received Import Request.
  Time since last request: 1.911857 seconds.
  path: Assets/Scripts/PlayerController.cs
  artifactKey: Guid(b5f014534e416c549bce7dbbd0442880) Importer(815301076,1909f56bfc062723c751e8b465ee728b)
Start importing Assets/Scripts/PlayerController.cs using Guid(b5f014534e416c549bce7dbbd0442880) Importer(815301076,1909f56bfc062723c751e8b465ee728b)  -> (artifact id: '8c60a6ebec7347d9252b01bc22c5856b') in 0.002416 seconds
  Import took 0.004750 seconds .

========================================================================
Received Prepare
Registering precompiled user dll's ...
Registered in 0.000897 seconds.
Begin MonoManager ReloadAssembly
Native extension for WindowsStandalone target not found
Refreshing native plugins compatible for Editor in 0.26 ms, found 0 plugins.
Preloading 0 native plugins for Editor in 0.00 ms.
Mono: successfully reloaded assembly
- Completed reload, in  0.808 seconds
Platform modules already initialized, skipping
Refreshing native plugins compatible for Editor in 0.23 ms, found 0 plugins.
Preloading 0 native plugins for Editor in 0.00 ms.
Unloading 1125 Unused Serialized files (Serialized files now loaded: 0)
System memory in use before: 75.8 MB.
System memory in use after: 75.9 MB.

Unloading 5 unused Assets to reduce memory usage. Loaded Objects now: 1667.
Total: 2.276400 ms (FindLiveObjects: 0.494900 ms CreateObjectMapping: 0.076300 ms MarkObjects: 1.609000 ms  DeleteObjects: 0.071800 ms)

========================================================================
Received Import Request.
  Time since last request: 45.305380 seconds.
  path: Assets/Scripts/PlayerController.cs
  artifactKey: Guid(b5f014534e416c549bce7dbbd0442880) Importer(815301076,1909f56bfc062723c751e8b465ee728b)
Start importing Assets/Scripts/PlayerController.cs using Guid(b5f014534e416c549bce7dbbd0442880) Importer(815301076,1909f56bfc062723c751e8b465ee728b)  -> (artifact id: '4746d242a3482acbee1dc7449c76e561') in 0.004124 seconds
  Import took 0.006156 seconds .

========================================================================
Received Import Request.
  Time since last request: 1.509556 seconds.
  path: Assets/Scripts/PlayerController.cs
  artifactKey: Guid(b5f014534e416c549bce7dbbd0442880) Importer(815301076,1909f56bfc062723c751e8b465ee728b)
Start importing Assets/Scripts/PlayerController.cs using Guid(b5f014534e416c549bce7dbbd0442880) Importer(815301076,1909f56bfc062723c751e8b465ee728b)  -> (artifact id: '4746d242a3482acbee1dc7449c76e561') in 0.002144 seconds
  Import took 0.004050 seconds .

========================================================================
Received Prepare
Registering precompiled user dll's ...
Registered in 0.001057 seconds.
Begin MonoManager ReloadAssembly
Native extension for WindowsStandalone target not found
Refreshing native plugins compatible for Editor in 0.31 ms, found 0 plugins.
Preloading 0 native plugins for Editor in 0.00 ms.
Mono: successfully reloaded assembly
- Completed reload, in  0.813 seconds
Platform modules already initialized, skipping
Refreshing native plugins compatible for Editor in 0.25 ms, found 0 plugins.
Preloading 0 native plugins for Editor in 0.00 ms.
Unloading 1125 Unused Serialized files (Serialized files now loaded: 0)
System memory in use before: 75.8 MB.
System memory in use after: 75.9 MB.

Unloading 5 unused Assets to reduce memory usage. Loaded Objects now: 1670.
Total: 2.023500 ms (FindLiveObjects: 0.168300 ms CreateObjectMapping: 0.040000 ms MarkObjects: 1.740300 ms  DeleteObjects: 0.073000 ms)

========================================================================
Received Import Request.
  Time since last request: 321.551653 seconds.
  path: Assets/Scripts/PlayerController.cs
  artifactKey: Guid(b5f014534e416c549bce7dbbd0442880) Importer(815301076,1909f56bfc062723c751e8b465ee728b)
Start importing Assets/Scripts/PlayerController.cs using Guid(b5f014534e416c549bce7dbbd0442880) Importer(815301076,1909f56bfc062723c751e8b465ee728b)  -> (artifact id: 'a4828472efb7b1016db2b4c54edf4341') in 0.004263 seconds
  Import took 0.006169 seconds .

========================================================================
Received Import Request.
  Time since last request: 3.439721 seconds.
  path: Assets/Scripts/GameManager.cs
  artifactKey: Guid(7b1c64e1480e42640adab60c05b66adb) Importer(815301076,1909f56bfc062723c751e8b465ee728b)
Start importing Assets/Scripts/GameManager.cs using Guid(7b1c64e1480e42640adab60c05b66adb) Importer(815301076,1909f56bfc062723c751e8b465ee728b)  -> (artifact id: 'bf42d850903ed5c74138e68ea8cdbc40') in 0.006927 seconds
  Import took 0.009625 seconds .

========================================================================
Received Import Request.
  Time since last request: 0.000376 seconds.
  path: Assets/Scripts/GameManager.cs
  artifactKey: Guid(7b1c64e1480e42640adab60c05b66adb) Importer(815301076,1909f56bfc062723c751e8b465ee728b)
Start importing Assets/Scripts/GameManager.cs using Guid(7b1c64e1480e42640adab60c05b66adb) Importer(815301076,1909f56bfc062723c751e8b465ee728b)  -> (artifact id: 'bf42d850903ed5c74138e68ea8cdbc40') in 0.002126 seconds
  Import took 0.004643 seconds .

========================================================================
Received Prepare
Registering precompiled user dll's ...
Registered in 0.000618 seconds.
Begin MonoManager ReloadAssembly
Native extension for WindowsStandalone target not found
Refreshing native plugins compatible for Editor in 0.28 ms, found 0 plugins.
Preloading 0 native plugins for Editor in 0.00 ms.
Mono: successfully reloaded assembly
- Completed reload, in  0.801 seconds
Platform modules already initialized, skipping
Refreshing native plugins compatible for Editor in 0.26 ms, found 0 plugins.
Preloading 0 native plugins for Editor in 0.00 ms.
Unloading 1124 Unused Serialized files (Serialized files now loaded: 0)
System memory in use before: 75.8 MB.
System memory in use after: 75.8 MB.

Unloading 6 unused Assets to reduce memory usage. Loaded Objects now: 1672.
Total: 2.568300 ms (FindLiveObjects: 0.236400 ms CreateObjectMapping: 0.077800 ms MarkObjects: 2.177200 ms  DeleteObjects: 0.075800 ms)

========================================================================
Received Prepare
Registering precompiled user dll's ...
Registered in 0.000701 seconds.
Begin MonoManager ReloadAssembly
Native extension for WindowsStandalone target not found
Refreshing native plugins compatible for Editor in 0.23 ms, found 0 plugins.
Preloading 0 native plugins for Editor in 0.00 ms.
Mono: successfully reloaded assembly
- Completed reload, in  0.775 seconds
Platform modules already initialized, skipping
Refreshing native plugins compatible for Editor in 0.26 ms, found 0 plugins.
Preloading 0 native plugins for Editor in 0.00 ms.
Unloading 1124 Unused Serialized files (Serialized files now loaded: 0)
System memory in use before: 75.8 MB.
System memory in use after: 75.9 MB.

Unloading 5 unused Assets to reduce memory usage. Loaded Objects now: 1675.
Total: 1.732000 ms (FindLiveObjects: 0.124300 ms CreateObjectMapping: 0.030100 ms MarkObjects: 1.507200 ms  DeleteObjects: 0.069500 ms)

========================================================================
Received Import Request.
  Time since last request: 51.537720 seconds.
  path: Assets/Scripts/CoinScript.cs
  artifactKey: Guid(50c39c6791d773449a364dfa313421ed) Importer(815301076,1909f56bfc062723c751e8b465ee728b)
Start importing Assets/Scripts/CoinScript.cs using Guid(50c39c6791d773449a364dfa313421ed) Importer(815301076,1909f56bfc062723c751e8b465ee728b)  -> (artifact id: '67050c007176165be9ebbb0bc765a377') in 0.012593 seconds
  Import took 0.015094 seconds .

========================================================================
Received Import Request.
  Time since last request: 0.023408 seconds.
  path: Assets/Scripts/CoinScript.cs
  artifactKey: Guid(50c39c6791d773449a364dfa313421ed) Importer(815301076,1909f56bfc062723c751e8b465ee728b)
Start importing Assets/Scripts/CoinScript.cs using Guid(50c39c6791d773449a364dfa313421ed) Importer(815301076,1909f56bfc062723c751e8b465ee728b)  -> (artifact id: '67050c007176165be9ebbb0bc765a377') in 0.002696 seconds
  Import took 0.004818 seconds .

========================================================================
Received Prepare
Registering precompiled user dll's ...
Registered in 0.000652 seconds.
Begin MonoManager ReloadAssembly
Native extension for WindowsStandalone target not found
Refreshing native plugins compatible for Editor in 0.39 ms, found 0 plugins.
Preloading 0 native plugins for Editor in 0.00 ms.
Mono: successfully reloaded assembly
- Completed reload, in  0.832 seconds
Platform modules already initialized, skipping
Refreshing native plugins compatible for Editor in 0.24 ms, found 0 plugins.
Preloading 0 native plugins for Editor in 0.00 ms.
Unloading 1125 Unused Serialized files (Serialized files now loaded: 0)
System memory in use before: 75.8 MB.
System memory in use after: 75.9 MB.

Unloading 5 unused Assets to reduce memory usage. Loaded Objects now: 1679.
Total: 2.786400 ms (FindLiveObjects: 0.223000 ms CreateObjectMapping: 0.063400 ms MarkObjects: 2.382600 ms  DeleteObjects: 0.115200 ms)

========================================================================
Received Prepare
Registering precompiled user dll's ...
Registered in 0.000704 seconds.
Begin MonoManager ReloadAssembly
Native extension for WindowsStandalone target not found
Refreshing native plugins compatible for Editor in 0.24 ms, found 0 plugins.
Preloading 0 native plugins for Editor in 0.00 ms.
Mono: successfully reloaded assembly
- Completed reload, in  0.836 seconds
Platform modules already initialized, skipping
Refreshing native plugins compatible for Editor in 0.31 ms, found 0 plugins.
Preloading 0 native plugins for Editor in 0.00 ms.
Unloading 1125 Unused Serialized files (Serialized files now loaded: 0)
System memory in use before: 75.8 MB.
System memory in use after: 75.9 MB.

Unloading 5 unused Assets to reduce memory usage. Loaded Objects now: 1682.
Total: 2.467400 ms (FindLiveObjects: 0.394000 ms CreateObjectMapping: 0.082600 ms MarkObjects: 1.908500 ms  DeleteObjects: 0.080800 ms)

========================================================================
Received Import Request.
  Time since last request: 95.266283 seconds.
  path: Assets/Scripts/CoinScript.cs
  artifactKey: Guid(50c39c6791d773449a364dfa313421ed) Importer(815301076,1909f56bfc062723c751e8b465ee728b)
Start importing Assets/Scripts/CoinScript.cs using Guid(50c39c6791d773449a364dfa313421ed) Importer(815301076,1909f56bfc062723c751e8b465ee728b)  -> (artifact id: 'a9319afc98540c033480684ff2a64474') in 0.003783 seconds
  Import took 0.005698 seconds .

========================================================================
Received Import Request.
  Time since last request: 1.600756 seconds.
  path: Assets/Scripts/CoinScript.cs
  artifactKey: Guid(50c39c6791d773449a364dfa313421ed) Importer(815301076,1909f56bfc062723c751e8b465ee728b)
Start importing Assets/Scripts/CoinScript.cs using Guid(50c39c6791d773449a364dfa313421ed) Importer(815301076,1909f56bfc062723c751e8b465ee728b)  -> (artifact id: 'a9319afc98540c033480684ff2a64474') in 0.002227 seconds
  Import took 0.004169 seconds .

========================================================================
Received Prepare
Registering precompiled user dll's ...
Registered in 0.000934 seconds.
Begin MonoManager ReloadAssembly
Native extension for WindowsStandalone target not found
Refreshing native plugins compatible for Editor in 0.24 ms, found 0 plugins.
Preloading 0 native plugins for Editor in 0.00 ms.
Mono: successfully reloaded assembly
- Completed reload, in  0.828 seconds
Platform modules already initialized, skipping
Refreshing native plugins compatible for Editor in 0.23 ms, found 0 plugins.
Preloading 0 native plugins for Editor in 0.00 ms.
Unloading 1125 Unused Serialized files (Serialized files now loaded: 0)
System memory in use before: 75.8 MB.
System memory in use after: 75.9 MB.

Unloading 5 unused Assets to reduce memory usage. Loaded Objects now: 1685.
Total: 1.692700 ms (FindLiveObjects: 0.154000 ms CreateObjectMapping: 0.038100 ms MarkObjects: 1.426800 ms  DeleteObjects: 0.072800 ms)

========================================================================
Received Prepare
Registering precompiled user dll's ...
Registered in 0.000610 seconds.
Begin MonoManager ReloadAssembly
Native extension for WindowsStandalone target not found
Refreshing native plugins compatible for Editor in 0.33 ms, found 0 plugins.
Preloading 0 native plugins for Editor in 0.00 ms.
Mono: successfully reloaded assembly
- Completed reload, in  0.822 seconds
Platform modules already initialized, skipping
Refreshing native plugins compatible for Editor in 0.28 ms, found 0 plugins.
Preloading 0 native plugins for Editor in 0.00 ms.
Unloading 1125 Unused Serialized files (Serialized files now loaded: 0)
System memory in use before: 75.8 MB.
System memory in use after: 75.9 MB.

Unloading 5 unused Assets to reduce memory usage. Loaded Objects now: 1688.
Total: 2.857200 ms (FindLiveObjects: 0.318200 ms CreateObjectMapping: 0.077000 ms MarkObjects: 2.356600 ms  DeleteObjects: 0.104300 ms)

========================================================================
Received Prepare
Registering precompiled user dll's ...
Registered in 0.000718 seconds.
Begin MonoManager ReloadAssembly
Native extension for WindowsStandalone target not found
Refreshing native plugins compatible for Editor in 0.25 ms, found 0 plugins.
Preloading 0 native plugins for Editor in 0.00 ms.
Mono: successfully reloaded assembly
- Completed reload, in  0.754 seconds
Platform modules already initialized, skipping
Refreshing native plugins compatible for Editor in 0.27 ms, found 0 plugins.
Preloading 0 native plugins for Editor in 0.00 ms.
Unloading 1125 Unused Serialized files (Serialized files now loaded: 0)
System memory in use before: 75.8 MB.
System memory in use after: 75.9 MB.

Unloading 5 unused Assets to reduce memory usage. Loaded Objects now: 1691.
Total: 2.430300 ms (FindLiveObjects: 0.203800 ms CreateObjectMapping: 0.077900 ms MarkObjects: 2.071300 ms  DeleteObjects: 0.076200 ms)

========================================================================
Received Prepare
Registering precompiled user dll's ...
Registered in 0.000645 seconds.
Begin MonoManager ReloadAssembly
Native extension for WindowsStandalone target not found
Refreshing native plugins compatible for Editor in 0.30 ms, found 0 plugins.
Preloading 0 native plugins for Editor in 0.00 ms.
Mono: successfully reloaded assembly
- Completed reload, in  0.814 seconds
Platform modules already initialized, skipping
Refreshing native plugins compatible for Editor in 0.23 ms, found 0 plugins.
Preloading 0 native plugins for Editor in 0.00 ms.
Unloading 1125 Unused Serialized files (Serialized files now loaded: 0)
System memory in use before: 75.8 MB.
System memory in use after: 75.9 MB.

Unloading 5 unused Assets to reduce memory usage. Loaded Objects now: 1694.
Total: 1.810500 ms (FindLiveObjects: 0.140400 ms CreateObjectMapping: 0.038000 ms MarkObjects: 1.558600 ms  DeleteObjects: 0.072500 ms)

========================================================================
Received Prepare
Registering precompiled user dll's ...
Registered in 0.000906 seconds.
Begin MonoManager ReloadAssembly
Native extension for WindowsStandalone target not found
Refreshing native plugins compatible for Editor in 0.25 ms, found 0 plugins.
Preloading 0 native plugins for Editor in 0.00 ms.
Mono: successfully reloaded assembly
- Completed reload, in  0.752 seconds
Platform modules already initialized, skipping
Refreshing native plugins compatible for Editor in 0.28 ms, found 0 plugins.
Preloading 0 native plugins for Editor in 0.00 ms.
Unloading 1125 Unused Serialized files (Serialized files now loaded: 0)
System memory in use before: 75.8 MB.
System memory in use after: 75.9 MB.

Unloading 5 unused Assets to reduce memory usage. Loaded Objects now: 1697.
Total: 2.503800 ms (FindLiveObjects: 0.146700 ms CreateObjectMapping: 0.044800 ms MarkObjects: 2.231800 ms  DeleteObjects: 0.079500 ms)

========================================================================
Received Prepare
Registering precompiled user dll's ...
Registered in 0.000881 seconds.
Begin MonoManager ReloadAssembly
Native extension for WindowsStandalone target not found
Refreshing native plugins compatible for Editor in 0.27 ms, found 0 plugins.
Preloading 0 native plugins for Editor in 0.00 ms.
Mono: successfully reloaded assembly
- Completed reload, in  0.785 seconds
Platform modules already initialized, skipping
Refreshing native plugins compatible for Editor in 0.23 ms, found 0 plugins.
Preloading 0 native plugins for Editor in 0.00 ms.
Unloading 1125 Unused Serialized files (Serialized files now loaded: 0)
System memory in use before: 75.8 MB.
System memory in use after: 75.9 MB.

Unloading 5 unused Assets to reduce memory usage. Loaded Objects now: 1700.
Total: 2.331500 ms (FindLiveObjects: 0.159900 ms CreateObjectMapping: 0.049500 ms MarkObjects: 2.048400 ms  DeleteObjects: 0.072300 ms)

========================================================================
Received Import Request.
  Time since last request: 682.981688 seconds.
  path: Assets/Scenes/Level-2.unity
  artifactKey: Guid(4d673cf39222f0849ae54d65bf59d2aa) Importer(815301076,1909f56bfc062723c751e8b465ee728b)
Start importing Assets/Scenes/Level-2.unity using Guid(4d673cf39222f0849ae54d65bf59d2aa) Importer(815301076,1909f56bfc062723c751e8b465ee728b)  -> (artifact id: '591a036af8e89cfaef35b028c31d0e82') in 0.017076 seconds
  Import took 0.019496 seconds .

========================================================================
Received Import Request.
  Time since last request: 126.832812 seconds.
  path: Assets/Scripts/EnemyThree.controller
  artifactKey: Guid(28b07eb48e9d03344ac92a91df378a94) Importer(815301076,1909f56bfc062723c751e8b465ee728b)
Start importing Assets/Scripts/EnemyThree.controller using Guid(28b07eb48e9d03344ac92a91df378a94) Importer(815301076,1909f56bfc062723c751e8b465ee728b)  -> (artifact id: 'f0b19d2318c25a69ee29d14f439a37b2') in 0.012652 seconds
  Import took 0.014671 seconds .

========================================================================
Received Prepare
Registering precompiled user dll's ...
Registered in 0.000678 seconds.
Begin MonoManager ReloadAssembly
Native extension for WindowsStandalone target not found
Refreshing native plugins compatible for Editor in 0.25 ms, found 0 plugins.
Preloading 0 native plugins for Editor in 0.00 ms.
Mono: successfully reloaded assembly
- Completed reload, in  0.791 seconds
Platform modules already initialized, skipping
Refreshing native plugins compatible for Editor in 0.26 ms, found 0 plugins.
Preloading 0 native plugins for Editor in 0.00 ms.
Unloading 1125 Unused Serialized files (Serialized files now loaded: 0)
System memory in use before: 75.9 MB.
System memory in use after: 75.9 MB.

Unloading 5 unused Assets to reduce memory usage. Loaded Objects now: 1703.
Total: 2.017000 ms (FindLiveObjects: 0.159100 ms CreateObjectMapping: 0.038600 ms MarkObjects: 1.745100 ms  DeleteObjects: 0.073100 ms)

========================================================================
Received Prepare
Registering precompiled user dll's ...
Registered in 0.000846 seconds.
Begin MonoManager ReloadAssembly
Native extension for WindowsStandalone target not found
Refreshing native plugins compatible for Editor in 0.26 ms, found 0 plugins.
Preloading 0 native plugins for Editor in 0.00 ms.
Mono: successfully reloaded assembly
- Completed reload, in  0.893 seconds
Platform modules already initialized, skipping
Refreshing native plugins compatible for Editor in 0.24 ms, found 0 plugins.
Preloading 0 native plugins for Editor in 0.00 ms.
Unloading 1125 Unused Serialized files (Serialized files now loaded: 0)
System memory in use before: 75.9 MB.
System memory in use after: 75.9 MB.

Unloading 5 unused Assets to reduce memory usage. Loaded Objects now: 1706.
Total: 1.741700 ms (FindLiveObjects: 0.139300 ms CreateObjectMapping: 0.033200 ms MarkObjects: 1.495600 ms  DeleteObjects: 0.072400 ms)

========================================================================
Received Import Request.
  Time since last request: 1013.799159 seconds.
  path: Assets/FirstPersonShooterAssignment-1-master
  artifactKey: Guid(a1f233280bffaff48975488126a9d035) Importer(815301076,1909f56bfc062723c751e8b465ee728b)
Start importing Assets/FirstPersonShooterAssignment-1-master using Guid(a1f233280bffaff48975488126a9d035) Importer(815301076,1909f56bfc062723c751e8b465ee728b)  -> (artifact id: '10f50f8e9ad7a68876b0f1e2b3a77689') in 0.012238 seconds
  Import took 0.015141 seconds .

========================================================================
Received Import Request.
  Time since last request: 1.269314 seconds.
  path: Assets/FirstPersonShooterAssignment-1-master/Assets
  artifactKey: Guid(b920e6749f58b4b4eb70e05ad8139ada) Importer(815301076,1909f56bfc062723c751e8b465ee728b)
Start importing Assets/FirstPersonShooterAssignment-1-master/Assets using Guid(b920e6749f58b4b4eb70e05ad8139ada) Importer(815301076,1909f56bfc062723c751e8b465ee728b)  -> (artifact id: 'd9c38c953fb8e4268b555fb316985512') in 0.008972 seconds
  Import took 0.011185 seconds .

========================================================================
Received Import Request.
  Time since last request: 0.068330 seconds.
  path: Assets/FirstPersonShooterAssignment-1-master/Assets/New Terrain.asset
  artifactKey: Guid(2dc7cdebff9759c478b79070a9186ec4) Importer(815301076,1909f56bfc062723c751e8b465ee728b)
Start importing Assets/FirstPersonShooterAssignment-1-master/Assets/New Terrain.asset using Guid(2dc7cdebff9759c478b79070a9186ec4) Importer(815301076,1909f56bfc062723c751e8b465ee728b)  -> (artifact id: 'c1821d966177bd12861e5ce7882351bd') in 0.019831 seconds
  Import took 0.022265 seconds .

========================================================================
Received Import Request.
  Time since last request: 0.000525 seconds.
  path: Assets/FirstPersonShooterAssignment-1-master/Assets/NewLayer.terrainlayer
  artifactKey: Guid(a0edaa8d61ae45543a667c9b35479308) Importer(815301076,1909f56bfc062723c751e8b465ee728b)
Start importing Assets/FirstPersonShooterAssignment-1-master/Assets/NewLayer.terrainlayer using Guid(a0edaa8d61ae45543a667c9b35479308) Importer(815301076,1909f56bfc062723c751e8b465ee728b)  -> (artifact id: 'c3434d45de42a0774a1f40d391f45bba') in 0.065681 seconds
  Import took 0.067978 seconds .

========================================================================
Received Import Request.
  Time since last request: 4.408308 seconds.
  path: Assets/FirstPersonShooterAssignment-1-master/Assets/Simple UI (V.1.0)
  artifactKey: Guid(050004e0388c21a41a9e389f6c675e71) Importer(815301076,1909f56bfc062723c751e8b465ee728b)
Start importing Assets/FirstPersonShooterAssignment-1-master/Assets/Simple UI (V.1.0) using Guid(050004e0388c21a41a9e389f6c675e71) Importer(815301076,1909f56bfc062723c751e8b465ee728b)  -> (artifact id: 'ba506aa76a033c4eef88de8d9dad386f') in 0.007020 seconds
  Import took 0.009000 seconds .

========================================================================
Received Import Request.
  Time since last request: 0.080331 seconds.
  path: Assets/FirstPersonShooterAssignment-1-master/Assets/Simple UI (V.1.0)/+Games.png
  artifactKey: Guid(ef539d90b9240c7498b003f2a2497372) Importer(815301076,1909f56bfc062723c751e8b465ee728b)
Start importing Assets/FirstPersonShooterAssignment-1-master/Assets/Simple UI (V.1.0)/+Games.png using Guid(ef539d90b9240c7498b003f2a2497372) Importer(815301076,1909f56bfc062723c751e8b465ee728b)  -> (artifact id: 'deac8d42d17940091e6b3d23eaefce3a') in 0.047436 seconds
  Import took 0.049616 seconds .

========================================================================
Received Import Request.
  Time since last request: 0.000289 seconds.
  path: Assets/FirstPersonShooterAssignment-1-master/Assets/Simple UI (V.1.0)/Pause.png
  artifactKey: Guid(e83556dffbe273e4da42ce0a822af28b) Importer(815301076,1909f56bfc062723c751e8b465ee728b)
Start importing Assets/FirstPersonShooterAssignment-1-master/Assets/Simple UI (V.1.0)/Pause.png using Guid(e83556dffbe273e4da42ce0a822af28b) Importer(815301076,1909f56bfc062723c751e8b465ee728b)  -> (artifact id: '587ae11ce320a8884659a013da8000ca') in 0.018874 seconds
  Import took 0.022607 seconds .

========================================================================
Received Import Request.
  Time since last request: 0.000293 seconds.
  path: Assets/FirstPersonShooterAssignment-1-master/Assets/Simple UI (V.1.0)/Left_Button_02.png
  artifactKey: Guid(2d189c49e2fd42c46ad5dbb57c67a9f0) Importer(815301076,1909f56bfc062723c751e8b465ee728b)
Start importing Assets/FirstPersonShooterAssignment-1-master/Assets/Simple UI (V.1.0)/Left_Button_02.png using Guid(2d189c49e2fd42c46ad5dbb57c67a9f0) Importer(815301076,1909f56bfc062723c751e8b465ee728b)  -> (artifact id: '33d56590d1d9a0677bab63586ee8fd77') in 0.058216 seconds
  Import took 0.072267 seconds .

========================================================================
Received Import Request.
  Time since last request: 0.000271 seconds.
  path: Assets/FirstPersonShooterAssignment-1-master/Assets/Simple UI (V.1.0)/Right_Button.png
  artifactKey: Guid(d24700515246cf54390c9cc9699226ff) Importer(815301076,1909f56bfc062723c751e8b465ee728b)
Start importing Assets/FirstPersonShooterAssignment-1-master/Assets/Simple UI (V.1.0)/Right_Button.png using Guid(d24700515246cf54390c9cc9699226ff) Importer(815301076,1909f56bfc062723c751e8b465ee728b)  -> (artifact id: '1287d41fe07eb1e992027994f2ebee8a') in 0.027479 seconds
  Import took 0.030462 seconds .

========================================================================
Received Import Request.
  Time since last request: 0.000330 seconds.
  path: Assets/FirstPersonShooterAssignment-1-master/Assets/Simple UI (V.1.0)/Facebook_Button.png
  artifactKey: Guid(ac94c5d0040f6f04894ce17c015c0ffb) Importer(815301076,1909f56bfc062723c751e8b465ee728b)
Start importing Assets/FirstPersonShooterAssignment-1-master/Assets/Simple UI (V.1.0)/Facebook_Button.png using Guid(ac94c5d0040f6f04894ce17c015c0ffb) Importer(815301076,1909f56bfc062723c751e8b465ee728b)  -> (artifact id: 'b7fca12f2e86914fff98c94faf2401f8') in 0.026087 seconds
  Import took 0.029338 seconds .

========================================================================
Received Import Request.
  Time since last request: 0.000331 seconds.
  path: Assets/FirstPersonShooterAssignment-1-master/Assets/Simple UI (V.1.0)/Cancel_Button.png
  artifactKey: Guid(304e4802e642678438d13c8e9d74bd18) Importer(815301076,1909f56bfc062723c751e8b465ee728b)
Start importing Assets/FirstPersonShooterAssignment-1-master/Assets/Simple UI (V.1.0)/Cancel_Button.png using Guid(304e4802e642678438d13c8e9d74bd18) Importer(815301076,1909f56bfc062723c751e8b465ee728b)  -> (artifact id: 'e3fac2ffc7f3578ca8a1ba3475f9358d') in 0.048459 seconds
  Import took 0.055103 seconds .

========================================================================
Received Import Request.
  Time since last request: 0.000378 seconds.
  path: Assets/FirstPersonShooterAssignment-1-master/Assets/Simple UI (V.1.0)/Home_Button.png
  artifactKey: Guid(d4ff04d9b08ec134d88732fdd2e59f03) Importer(815301076,1909f56bfc062723c751e8b465ee728b)
Start importing Assets/FirstPersonShooterAssignment-1-master/Assets/Simple UI (V.1.0)/Home_Button.png using Guid(d4ff04d9b08ec134d88732fdd2e59f03) Importer(815301076,1909f56bfc062723c751e8b465ee728b)  -> (artifact id: 'af7b6e659b9228000de931bfc192cff4') in 0.024804 seconds
  Import took 0.028079 seconds .

========================================================================
Received Import Request.
  Time since last request: 0.000191 seconds.
  path: Assets/FirstPersonShooterAssignment-1-master/Assets/Simple UI (V.1.0)/Config_Button.png
  artifactKey: Guid(85f4c92e01b4baa4bb07bfd13c9f08f7) Importer(815301076,1909f56bfc062723c751e8b465ee728b)
Start importing Assets/FirstPersonShooterAssignment-1-master/Assets/Simple UI (V.1.0)/Config_Button.png using Guid(85f4c92e01b4baa4bb07bfd13c9f08f7) Importer(815301076,1909f56bfc062723c751e8b465ee728b)  -> (artifact id: 'a5c039fa3620fb20a8f0c07b2e7b43f8') in 0.033027 seconds
  Import took 0.035392 seconds .

========================================================================
Received Import Request.
  Time since last request: 0.000206 seconds.
  path: Assets/FirstPersonShooterAssignment-1-master/Assets/Simple UI (V.1.0)/Left_Button.png
  artifactKey: Guid(adf76fc089e11834fb08fcc6c0bc5c03) Importer(815301076,1909f56bfc062723c751e8b465ee728b)
Start importing Assets/FirstPersonShooterAssignment-1-master/Assets/Simple UI (V.1.0)/Left_Button.png using Guid(adf76fc089e11834fb08fcc6c0bc5c03) Importer(815301076,1909f56bfc062723c751e8b465ee728b)  -> (artifact id: '7cfd6de7cb3c73ab806403d0f140e13f') in 0.023465 seconds
  Import took 0.025845 seconds .

========================================================================
Received Import Request.
  Time since last request: 0.000183 seconds.
  path: Assets/FirstPersonShooterAssignment-1-master/Assets/Simple UI (V.1.0)/Audio_On_Button.png
  artifactKey: Guid(20e906854b4c38c46935e8681f0a3a09) Importer(815301076,1909f56bfc062723c751e8b465ee728b)
Start importing Assets/FirstPersonShooterAssignment-1-master/Assets/Simple UI (V.1.0)/Audio_On_Button.png using Guid(20e906854b4c38c46935e8681f0a3a09) Importer(815301076,1909f56bfc062723c751e8b465ee728b)  -> (artifact id: 'b91eb677a67a3124cb1504c7a682fb65') in 0.026561 seconds
  Import took 0.028883 seconds .

========================================================================
Received Import Request.
  Time since last request: 0.000218 seconds.
  path: Assets/FirstPersonShooterAssignment-1-master/Assets/Simple UI (V.1.0)/Twitter.png
  artifactKey: Guid(d7c7348af4801524d916c31a8c1fd2b8) Importer(815301076,1909f56bfc062723c751e8b465ee728b)
Start importing Assets/FirstPersonShooterAssignment-1-master/Assets/Simple UI (V.1.0)/Twitter.png using Guid(d7c7348af4801524d916c31a8c1fd2b8) Importer(815301076,1909f56bfc062723c751e8b465ee728b)  -> (artifact id: '6cbd36d8796bde8a74d0beb2d13e839c') in 0.039047 seconds
  Import took 0.041996 seconds .

========================================================================
Received Import Request.
  Time since last request: 0.000233 seconds.
  path: Assets/FirstPersonShooterAssignment-1-master/Assets/Simple UI (V.1.0)/Right_Button_02.png
  artifactKey: Guid(21cc1534fcf2a494a94459e3b96e785f) Importer(815301076,1909f56bfc062723c751e8b465ee728b)
Start importing Assets/FirstPersonShooterAssignment-1-master/Assets/Simple UI (V.1.0)/Right_Button_02.png using Guid(21cc1534fcf2a494a94459e3b96e785f) Importer(815301076,1909f56bfc062723c751e8b465ee728b)  -> (artifact id: '582740b0a1d9a4543738cc5b021d0917') in 0.027442 seconds
  Import took 0.031208 seconds .

========================================================================
Received Import Request.
  Time since last request: 0.000249 seconds.
  path: Assets/FirstPersonShooterAssignment-1-master/Assets/Simple UI (V.1.0)/Blogger_Button.png
  artifactKey: Guid(938ec9d083d6b764c900226c6f454e63) Importer(815301076,1909f56bfc062723c751e8b465ee728b)
Start importing Assets/FirstPersonShooterAssignment-1-master/Assets/Simple UI (V.1.0)/Blogger_Button.png using Guid(938ec9d083d6b764c900226c6f454e63) Importer(815301076,1909f56bfc062723c751e8b465ee728b)  -> (artifact id: '4a87dec4700146163e0acf5117d478b5') in 0.022552 seconds
  Import took 0.025982 seconds .

========================================================================
Received Import Request.
  Time since last request: 0.000539 seconds.
  path: Assets/FirstPersonShooterAssignment-1-master/Assets/Simple UI (V.1.0)/You_Tube_Button.png
  artifactKey: Guid(d982587c642a57a4fa3c5afbf0522173) Importer(815301076,1909f56bfc062723c751e8b465ee728b)
Start importing Assets/FirstPersonShooterAssignment-1-master/Assets/Simple UI (V.1.0)/You_Tube_Button.png using Guid(d982587c642a57a4fa3c5afbf0522173) Importer(815301076,1909f56bfc062723c751e8b465ee728b)  -> (artifact id: '02da612ad19142d645afc06e6312ea20') in 0.023686 seconds
  Import took 0.026594 seconds .

========================================================================
Received Import Request.
  Time since last request: 0.000201 seconds.
  path: Assets/FirstPersonShooterAssignment-1-master/Assets/Simple UI (V.1.0)/Next_Button.png
  artifactKey: Guid(1fe594d1fe72da24389224f8c60e8828) Importer(815301076,1909f56bfc062723c751e8b465ee728b)
Start importing Assets/FirstPersonShooterAssignment-1-master/Assets/Simple UI (V.1.0)/Next_Button.png using Guid(1fe594d1fe72da24389224f8c60e8828) Importer(815301076,1909f56bfc062723c751e8b465ee728b)  -> (artifact id: '3ef9749c62f9cb0be6e6ddc9565f99f6') in 0.026951 seconds
  Import took 0.029120 seconds .

========================================================================
Received Import Request.
  Time since last request: 0.000160 seconds.
  path: Assets/FirstPersonShooterAssignment-1-master/Assets/Simple UI (V.1.0)/Play_Button.png
  artifactKey: Guid(43df9310562af0a4dbcd31424f81b35f) Importer(815301076,1909f56bfc062723c751e8b465ee728b)
Start importing Assets/FirstPersonShooterAssignment-1-master/Assets/Simple UI (V.1.0)/Play_Button.png using Guid(43df9310562af0a4dbcd31424f81b35f) Importer(815301076,1909f56bfc062723c751e8b465ee728b)  -> (artifact id: '0e83cc815628e296f585282baf8fe5cf') in 0.026020 seconds
  Import took 0.029095 seconds .

========================================================================
Received Import Request.
  Time since last request: 0.000202 seconds.
  path: Assets/FirstPersonShooterAssignment-1-master/Assets/Simple UI (V.1.0)/Next_Button.png
  artifactKey: Guid(1fe594d1fe72da24389224f8c60e8828) Importer(815301076,1909f56bfc062723c751e8b465ee728b)
Start importing Assets/FirstPersonShooterAssignment-1-master/Assets/Simple UI (V.1.0)/Next_Button.png using Guid(1fe594d1fe72da24389224f8c60e8828) Importer(815301076,1909f56bfc062723c751e8b465ee728b)  -> (artifact id: '3ef9749c62f9cb0be6e6ddc9565f99f6') in 0.023916 seconds
  Import took 0.026374 seconds .

========================================================================
Received Import Request.
  Time since last request: 0.000218 seconds.
  path: Assets/FirstPersonShooterAssignment-1-master/Assets/Simple UI (V.1.0)/Shop.png
  artifactKey: Guid(c8caf3c46ae0db541b47471e585922c8) Importer(815301076,1909f56bfc062723c751e8b465ee728b)
Start importing Assets/FirstPersonShooterAssignment-1-master/Assets/Simple UI (V.1.0)/Shop.png using Guid(c8caf3c46ae0db541b47471e585922c8) Importer(815301076,1909f56bfc062723c751e8b465ee728b)  -> (artifact id: '898e4d5b3c3ac8f6730fc34104c8c012') in 0.050767 seconds
  Import took 0.053134 seconds .

========================================================================
Received Import Request.
  Time since last request: 0.000187 seconds.
  path: Assets/FirstPersonShooterAssignment-1-master/Assets/Simple UI (V.1.0)/Audio_Off_Button.png
  artifactKey: Guid(f541cd065ce8e724fb8cac32224604b2) Importer(815301076,1909f56bfc062723c751e8b465ee728b)
Start importing Assets/FirstPersonShooterAssignment-1-master/Assets/Simple UI (V.1.0)/Audio_Off_Button.png using Guid(f541cd065ce8e724fb8cac32224604b2) Importer(815301076,1909f56bfc062723c751e8b465ee728b)  -> (artifact id: '7ba25838daa9890c1241c56c47b0ec15') in 0.017484 seconds
  Import took 0.019436 seconds .

========================================================================
Received Import Request.
  Time since last request: 0.000243 seconds.
  path: Assets/FirstPersonShooterAssignment-1-master/Assets/Simple UI (V.1.0)/g+_Button.png
  artifactKey: Guid(6ba2ff28d0438dc4eb3824b4e8827acc) Importer(815301076,1909f56bfc062723c751e8b465ee728b)
Start importing Assets/FirstPersonShooterAssignment-1-master/Assets/Simple UI (V.1.0)/g+_Button.png using Guid(6ba2ff28d0438dc4eb3824b4e8827acc) Importer(815301076,1909f56bfc062723c751e8b465ee728b)  -> (artifact id: '7fbe88750aaa44b02d115945126d530e') in 0.026337 seconds
  Import took 0.029601 seconds .

========================================================================
Received Import Request.
  Time since last request: 0.000231 seconds.
  path: Assets/FirstPersonShooterAssignment-1-master/Assets/Simple UI (V.1.0)/Down_Button.png
  artifactKey: Guid(f01d4ca51b0ba3349b9d35b4a138603f) Importer(815301076,1909f56bfc062723c751e8b465ee728b)
Start importing Assets/FirstPersonShooterAssignment-1-master/Assets/Simple UI (V.1.0)/Down_Button.png using Guid(f01d4ca51b0ba3349b9d35b4a138603f) Importer(815301076,1909f56bfc062723c751e8b465ee728b)  -> (artifact id: '8906db9c8cdd7cd30e612eb4f24062a3') in 0.029669 seconds
  Import took 0.032115 seconds .

========================================================================
Received Import Request.
  Time since last request: 0.000242 seconds.
  path: Assets/FirstPersonShooterAssignment-1-master/Assets/Simple UI (V.1.0)/Return.png
  artifactKey: Guid(cd1fab215b9f40940afeca58417d10da) Importer(815301076,1909f56bfc062723c751e8b465ee728b)
Start importing Assets/FirstPersonShooterAssignment-1-master/Assets/Simple UI (V.1.0)/Return.png using Guid(cd1fab215b9f40940afeca58417d10da) Importer(815301076,1909f56bfc062723c751e8b465ee728b)  -> (artifact id: '8fd37c1d0d74a0ed47f7876bdfc2a5d0') in 0.027960 seconds
  Import took 0.030590 seconds .

========================================================================
Received Import Request.
  Time since last request: 0.000262 seconds.
  path: Assets/FirstPersonShooterAssignment-1-master/Assets/Simple UI (V.1.0)/score.png
  artifactKey: Guid(aca5d5043ed3d5349a5fb6540380376d) Importer(815301076,1909f56bfc062723c751e8b465ee728b)
Start importing Assets/FirstPersonShooterAssignment-1-master/Assets/Simple UI (V.1.0)/score.png using Guid(aca5d5043ed3d5349a5fb6540380376d) Importer(815301076,1909f56bfc062723c751e8b465ee728b)  -> (artifact id: '71507fa0fad7a2328572a07a25846951') in 0.028624 seconds
  Import took 0.031586 seconds .

========================================================================
Received Import Request.
  Time since last request: 0.000210 seconds.
  path: Assets/FirstPersonShooterAssignment-1-master/Assets/Simple UI (V.1.0)/Reload.png
  artifactKey: Guid(781ca56d47a2bc044bce094e368e1b83) Importer(815301076,1909f56bfc062723c751e8b465ee728b)
Start importing Assets/FirstPersonShooterAssignment-1-master/Assets/Simple UI (V.1.0)/Reload.png using Guid(781ca56d47a2bc044bce094e368e1b83) Importer(815301076,1909f56bfc062723c751e8b465ee728b)  -> (artifact id: '4af76b7234c2afa8e630c37ce1d2c4c0') in 0.021992 seconds
  Import took 0.024815 seconds .

========================================================================
Received Import Request.
  Time since last request: 0.000222 seconds.
  path: Assets/FirstPersonShooterAssignment-1-master/Assets/Simple UI (V.1.0)/Share_Button.png
  artifactKey: Guid(669aeda5136a5c44c85b430ff16b3019) Importer(815301076,1909f56bfc062723c751e8b465ee728b)
Start importing Assets/FirstPersonShooterAssignment-1-master/Assets/Simple UI (V.1.0)/Share_Button.png using Guid(669aeda5136a5c44c85b430ff16b3019) Importer(815301076,1909f56bfc062723c751e8b465ee728b)  -> (artifact id: '030e5485d46bb19a0e5a72f3d7164b3e') in 0.023491 seconds
  Import took 0.025970 seconds .

========================================================================
Received Import Request.
  Time since last request: 0.000296 seconds.
  path: Assets/FirstPersonShooterAssignment-1-master/Assets/Simple UI (V.1.0)/Up_Button.png
  artifactKey: Guid(32d7d74956614c24fb1d67bc77bf7959) Importer(815301076,1909f56bfc062723c751e8b465ee728b)
Start importing Assets/FirstPersonShooterAssignment-1-master/Assets/Simple UI (V.1.0)/Up_Button.png using Guid(32d7d74956614c24fb1d67bc77bf7959) Importer(815301076,1909f56bfc062723c751e8b465ee728b)  -> (artifact id: '3ac4a75fb906a4d0ba9f7394a9e4000c') in 0.026516 seconds
  Import took 0.030205 seconds .

========================================================================
Received Import Request.
  Time since last request: 3.224302 seconds.
  path: Assets/FirstPersonShooterAssignment-1-master/Assets/Stylized Grass Texture
  artifactKey: Guid(f53d73cf119538445b929eb4958dd136) Importer(815301076,1909f56bfc062723c751e8b465ee728b)
Start importing Assets/FirstPersonShooterAssignment-1-master/Assets/Stylized Grass Texture using Guid(f53d73cf119538445b929eb4958dd136) Importer(815301076,1909f56bfc062723c751e8b465ee728b)  -> (artifact id: '0cf3982db0e037c50be863b5e676a69f') in 0.007352 seconds
  Import took 0.009229 seconds .

========================================================================
Received Import Request.
  Time since last request: 1.287096 seconds.
  path: Assets/FirstPersonShooterAssignment-1-master/Assets/Stylized Grass Texture/Materials
  artifactKey: Guid(855350d72edd5b546aba24877b32789a) Importer(815301076,1909f56bfc062723c751e8b465ee728b)
Start importing Assets/FirstPersonShooterAssignment-1-master/Assets/Stylized Grass Texture/Materials using Guid(855350d72edd5b546aba24877b32789a) Importer(815301076,1909f56bfc062723c751e8b465ee728b)  -> (artifact id: 'bce9ba366da203f87a666018f91d8bdf') in 0.008388 seconds
  Import took 0.011232 seconds .

========================================================================
Received Import Request.
  Time since last request: 0.067951 seconds.
  path: Assets/FirstPersonShooterAssignment-1-master/Assets/Stylized Grass Texture/Materials/Stylize_Grass.mat
  artifactKey: Guid(5d8af8f434f69794eabd684fb44b4fbf) Importer(815301076,1909f56bfc062723c751e8b465ee728b)
Start importing Assets/FirstPersonShooterAssignment-1-master/Assets/Stylized Grass Texture/Materials/Stylize_Grass.mat using Guid(5d8af8f434f69794eabd684fb44b4fbf) Importer(815301076,1909f56bfc062723c751e8b465ee728b)  -> (artifact id: '1cff00bccf00676776004308ff5b61b6') in 0.439967 seconds
  Import took 0.442153 seconds .

========================================================================
Received Import Request.
  Time since last request: 0.000258 seconds.
  path: Assets/FirstPersonShooterAssignment-1-master/Assets/Stylized Grass Texture/Materials/Stylize_Grass_diffuse.mat
  artifactKey: Guid(516e6f11e8de6624eb6be4bac8c14555) Importer(815301076,1909f56bfc062723c751e8b465ee728b)
Start importing Assets/FirstPersonShooterAssignment-1-master/Assets/Stylized Grass Texture/Materials/Stylize_Grass_diffuse.mat using Guid(516e6f11e8de6624eb6be4bac8c14555) Importer(815301076,1909f56bfc062723c751e8b465ee728b)  -> (artifact id: 'a8e8666190c757bf117c131fae84fbf9') in 0.024498 seconds
  Import took 0.026819 seconds .

========================================================================
Received Import Request.
  Time since last request: 4.246263 seconds.
  path: Assets/FirstPersonShooterAssignment-1-master/Assets/AlignedGames
  artifactKey: Guid(f3ea7a9361b7d2a49bfa120f0d3e9d63) Importer(815301076,1909f56bfc062723c751e8b465ee728b)
Start importing Assets/FirstPersonShooterAssignment-1-master/Assets/AlignedGames using Guid(f3ea7a9361b7d2a49bfa120f0d3e9d63) Importer(815301076,1909f56bfc062723c751e8b465ee728b)  -> (artifact id: 'ec32ef7af268c39f3e2901b24674aa87') in 0.007647 seconds
  Import took 0.009811 seconds .

========================================================================
Received Import Request.
  Time since last request: 0.709350 seconds.
  path: Assets/FirstPersonShooterAssignment-1-master/Assets/AlignedGames/Polygonal Foliage Asset Package
  artifactKey: Guid(ebad393bd36170e4ca5882c45d96f25f) Importer(815301076,1909f56bfc062723c751e8b465ee728b)
Start importing Assets/FirstPersonShooterAssignment-1-master/Assets/AlignedGames/Polygonal Foliage Asset Package using Guid(ebad393bd36170e4ca5882c45d96f25f) Importer(815301076,1909f56bfc062723c751e8b465ee728b)  -> (artifact id: '943b0e0f63538bd627d85e79e31d4be1') in 0.006769 seconds
  Import took 0.008648 seconds .

========================================================================
Received Import Request.
  Time since last request: 0.000594 seconds.
  path: Assets/FirstPersonShooterAssignment-1-master/Assets/AlignedGames/Polygonal Foliage Asset Package
  artifactKey: Guid(ebad393bd36170e4ca5882c45d96f25f) Importer(815301076,1909f56bfc062723c751e8b465ee728b)
Start importing Assets/FirstPersonShooterAssignment-1-master/Assets/AlignedGames/Polygonal Foliage Asset Package using Guid(ebad393bd36170e4ca5882c45d96f25f) Importer(815301076,1909f56bfc062723c751e8b465ee728b)  -> (artifact id: '943b0e0f63538bd627d85e79e31d4be1') in 0.002744 seconds
  Import took 0.005008 seconds .

========================================================================
Received Import Request.
  Time since last request: 1.146317 seconds.
  path: Assets/FirstPersonShooterAssignment-1-master/Assets/AlignedGames/Polygonal Foliage Asset Package/Art
  artifactKey: Guid(12a31e1d59b5cec449275f53966a9ad6) Importer(815301076,1909f56bfc062723c751e8b465ee728b)
Start importing Assets/FirstPersonShooterAssignment-1-master/Assets/AlignedGames/Polygonal Foliage Asset Package/Art using Guid(12a31e1d59b5cec449275f53966a9ad6) Importer(815301076,1909f56bfc062723c751e8b465ee728b)  -> (artifact id: '6e784cab2f1b23cb53da628503b49060') in 0.007192 seconds
  Import took 0.009421 seconds .

========================================================================
Received Import Request.
  Time since last request: 0.719804 seconds.
  path: Assets/FirstPersonShooterAssignment-1-master/Assets/AlignedGames/Polygonal Foliage Asset Package/Art/Materials
  artifactKey: Guid(171dd9d59794d2449b5e42c8c039e591) Importer(815301076,1909f56bfc062723c751e8b465ee728b)
Start importing Assets/FirstPersonShooterAssignment-1-master/Assets/AlignedGames/Polygonal Foliage Asset Package/Art/Materials using Guid(171dd9d59794d2449b5e42c8c039e591) Importer(815301076,1909f56bfc062723c751e8b465ee728b)  -> (artifact id: '4ec845826807e52effc62a2c25cef26e') in 0.002305 seconds
  Import took 0.004740 seconds .

========================================================================
Received Import Request.
  Time since last request: 0.001252 seconds.
  path: Assets/FirstPersonShooterAssignment-1-master/Assets/AlignedGames/Polygonal Foliage Asset Package/Art/Materials
  artifactKey: Guid(171dd9d59794d2449b5e42c8c039e591) Importer(815301076,1909f56bfc062723c751e8b465ee728b)
Start importing Assets/FirstPersonShooterAssignment-1-master/Assets/AlignedGames/Polygonal Foliage Asset Package/Art/Materials using Guid(171dd9d59794d2449b5e42c8c039e591) Importer(815301076,1909f56bfc062723c751e8b465ee728b)  -> (artifact id: '4ec845826807e52effc62a2c25cef26e') in 0.002005 seconds
  Import took 0.003941 seconds .

========================================================================
Received Import Request.
  Time since last request: 0.088546 seconds.
  path: Assets/FirstPersonShooterAssignment-1-master/Assets/AlignedGames/Polygonal Foliage Asset Package/Art/Materials/atlass_1_1.mat
  artifactKey: Guid(85e89f3b829c70a4a85a798f89bd18ed) Importer(815301076,1909f56bfc062723c751e8b465ee728b)
Start importing Assets/FirstPersonShooterAssignment-1-master/Assets/AlignedGames/Polygonal Foliage Asset Package/Art/Materials/atlass_1_1.mat using Guid(85e89f3b829c70a4a85a798f89bd18ed) Importer(815301076,1909f56bfc062723c751e8b465ee728b)  -> (artifact id: '493c85727704e535251d294269885f98') in 0.149456 seconds
  Import took 0.152096 seconds .

========================================================================
Received Import Request.
  Time since last request: 0.000298 seconds.
  path: Assets/FirstPersonShooterAssignment-1-master/Assets/AlignedGames/Polygonal Foliage Asset Package/Art/Materials/atlass_1_2.mat
  artifactKey: Guid(8e6f7b24df38b1c4db797b100135d36e) Importer(815301076,1909f56bfc062723c751e8b465ee728b)
Start importing Assets/FirstPersonShooterAssignment-1-master/Assets/AlignedGames/Polygonal Foliage Asset Package/Art/Materials/atlass_1_2.mat using Guid(8e6f7b24df38b1c4db797b100135d36e) Importer(815301076,1909f56bfc062723c751e8b465ee728b)  -> (artifact id: 'f343d2a126192173323c45e2112294a6') in 0.157153 seconds
  Import took 0.159303 seconds .

========================================================================
Received Import Request.
  Time since last request: 5.176957 seconds.
  path: Assets/FirstPersonShooterAssignment-1-master/Packages
  artifactKey: Guid(b98ebc45cd3062e4dac3a89bc69ef239) Importer(815301076,1909f56bfc062723c751e8b465ee728b)
Start importing Assets/FirstPersonShooterAssignment-1-master/Packages using Guid(b98ebc45cd3062e4dac3a89bc69ef239) Importer(815301076,1909f56bfc062723c751e8b465ee728b)  -> (artifact id: '401f096bfce4f208db53b46bb2108a6f') in 0.008632 seconds
  Import took 0.010634 seconds .

========================================================================
Received Import Request.
  Time since last request: 0.594661 seconds.
  path: Assets/FirstPersonShooterAssignment-1-master/Packages/packages-lock.json
  artifactKey: Guid(c7c9637de241381408d581d3d6bcc920) Importer(815301076,1909f56bfc062723c751e8b465ee728b)
Start importing Assets/FirstPersonShooterAssignment-1-master/Packages/packages-lock.json using Guid(c7c9637de241381408d581d3d6bcc920) Importer(815301076,1909f56bfc062723c751e8b465ee728b)  -> (artifact id: '156646d9bb1f3f2478f49afe3b68b023') in 0.086015 seconds
  Import took 0.087937 seconds .

========================================================================
Received Import Request.
  Time since last request: 2.105080 seconds.
  path: Assets/FirstPersonShooterAssignment-1-master/ProjectSettings
  artifactKey: Guid(b5edca96b239a4145980bb28ec7167ac) Importer(815301076,1909f56bfc062723c751e8b465ee728b)
Start importing Assets/FirstPersonShooterAssignment-1-master/ProjectSettings using Guid(b5edca96b239a4145980bb28ec7167ac) Importer(815301076,1909f56bfc062723c751e8b465ee728b)  -> (artifact id: '47116910ab5067c16c021a1b8f3f0bdc') in 0.008825 seconds
  Import took 0.011278 seconds .

========================================================================
Received Import Request.
  Time since last request: 13.902283 seconds.
  path: Assets/FirstPersonShooterAssignment-1-master/Assets/Stylized Grass Texture/Scene
  artifactKey: Guid(35c51be547b1b5149808eae4a6922fc8) Importer(815301076,1909f56bfc062723c751e8b465ee728b)
Start importing Assets/FirstPersonShooterAssignment-1-master/Assets/Stylized Grass Texture/Scene using Guid(35c51be547b1b5149808eae4a6922fc8) Importer(815301076,1909f56bfc062723c751e8b465ee728b)  -> (artifact id: '63178783f7ef9487b3cb6d24d2de4f80') in 0.007664 seconds
  Import took 0.009796 seconds .

========================================================================
Received Import Request.
  Time since last request: 9.433188 seconds.
  path: Assets/FirstPersonShooterAssignment-1-master/Assets/Fantasy Treasure Pack Lite
  artifactKey: Guid(c8f8f42ca8d5ac146898ac59de4e04f7) Importer(815301076,1909f56bfc062723c751e8b465ee728b)
Start importing Assets/FirstPersonShooterAssignment-1-master/Assets/Fantasy Treasure Pack Lite using Guid(c8f8f42ca8d5ac146898ac59de4e04f7) Importer(815301076,1909f56bfc062723c751e8b465ee728b)  -> (artifact id: '1e3d94f3765ad9facd12333b1265645d') in 0.007680 seconds
  Import took 0.009696 seconds .

========================================================================
Received Import Request.
  Time since last request: 8.938391 seconds.
  path: Assets/FirstPersonShooterAssignment-1-master/Assets/SoftEffects
  artifactKey: Guid(8363af7edbba18249a368051ebac6179) Importer(815301076,1909f56bfc062723c751e8b465ee728b)
Start importing Assets/FirstPersonShooterAssignment-1-master/Assets/SoftEffects using Guid(8363af7edbba18249a368051ebac6179) Importer(815301076,1909f56bfc062723c751e8b465ee728b)  -> (artifact id: 'b5179aadee4fa32f2544b1339ee8db14') in 0.007803 seconds
  Import took 0.010190 seconds .

========================================================================
Received Import Request.
  Time since last request: 1.753949 seconds.
  path: Assets/FirstPersonShooterAssignment-1-master/Assets/SoftEffects/EditFolder
  artifactKey: Guid(771ff6d36b2fa98448da828c96b5ab24) Importer(815301076,1909f56bfc062723c751e8b465ee728b)
Start importing Assets/FirstPersonShooterAssignment-1-master/Assets/SoftEffects/EditFolder using Guid(771ff6d36b2fa98448da828c96b5ab24) Importer(815301076,1909f56bfc062723c751e8b465ee728b)  -> (artifact id: 'd7a4e74a702ff4529b48a29f9473b300') in 0.006444 seconds
  Import took 0.008296 seconds .

========================================================================
Received Import Request.
  Time since last request: 3.750267 seconds.
  path: Assets/FirstPersonShooterAssignment-1-master/Assets/SoftEffects/Scripts
  artifactKey: Guid(fb46b795d4ceff04fa6b18f27c77f4e4) Importer(815301076,1909f56bfc062723c751e8b465ee728b)
Start importing Assets/FirstPersonShooterAssignment-1-master/Assets/SoftEffects/Scripts using Guid(fb46b795d4ceff04fa6b18f27c77f4e4) Importer(815301076,1909f56bfc062723c751e8b465ee728b)  -> (artifact id: '01f62615c4141bbcd913622b1d32be5c') in 0.007202 seconds
  Import took 0.009452 seconds .

========================================================================
Received Import Request.
  Time since last request: 0.072754 seconds.
  path: Assets/FirstPersonShooterAssignment-1-master/Assets/SoftEffects/Scripts/CGHolder_1.asset
  artifactKey: Guid(024ca4878964e0e45a9c1abdf0144b24) Importer(815301076,1909f56bfc062723c751e8b465ee728b)
Start importing Assets/FirstPersonShooterAssignment-1-master/Assets/SoftEffects/Scripts/CGHolder_1.asset using Guid(024ca4878964e0e45a9c1abdf0144b24) Importer(815301076,1909f56bfc062723c751e8b465ee728b)  -> (artifact id: '05625733e7c150b57e7a9f3133c4fac3') in 0.011950 seconds
  Import took 0.014499 seconds .

========================================================================
Received Import Request.
  Time since last request: 96.165741 seconds.
  path: Assets/Asset/Prefabs
  artifactKey: Guid(64ab0e2e0e5efa74ba917005446efeb3) Importer(815301076,1909f56bfc062723c751e8b465ee728b)
Start importing Assets/Asset/Prefabs using Guid(64ab0e2e0e5efa74ba917005446efeb3) Importer(815301076,1909f56bfc062723c751e8b465ee728b)  -> (artifact id: '0ffeefbdc43ae1e9885a574467bc9c6c') in 0.009050 seconds
  Import took 0.011326 seconds .

========================================================================
Received Import Request.
  Time since last request: 3.143636 seconds.
  path: Assets/Asset/Robo1
  artifactKey: Guid(60059c5e1e61a8947949c8dcb3293959) Importer(815301076,1909f56bfc062723c751e8b465ee728b)
Start importing Assets/Asset/Robo1 using Guid(60059c5e1e61a8947949c8dcb3293959) Importer(815301076,1909f56bfc062723c751e8b465ee728b)  -> (artifact id: 'dbe5d744cd82d487c45112d2fa71ff59') in 0.007941 seconds
  Import took 0.009965 seconds .

========================================================================
Received Import Request.
  Time since last request: 1.066447 seconds.
  path: Assets/Asset/Robo1/Models
  artifactKey: Guid(7814a5a9178fc9a4a9f0dc99046d3daa) Importer(815301076,1909f56bfc062723c751e8b465ee728b)
Start importing Assets/Asset/Robo1/Models using Guid(7814a5a9178fc9a4a9f0dc99046d3daa) Importer(815301076,1909f56bfc062723c751e8b465ee728b)  -> (artifact id: '661c0507ca70c42cc9168fa000e26390') in 0.006838 seconds
  Import took 0.009199 seconds .

========================================================================
Received Import Request.
  Time since last request: 0.065350 seconds.
  path: Assets/Asset/Robo1/Models/Robo1 Power off pose .fbx
  artifactKey: Guid(102642346b3ce994ebdf38ae963d9511) Importer(815301076,1909f56bfc062723c751e8b465ee728b)
Start importing Assets/Asset/Robo1/Models/Robo1 Power off pose .fbx using Guid(102642346b3ce994ebdf38ae963d9511) Importer(815301076,1909f56bfc062723c751e8b465ee728b)  -> (artifact id: '9725ada5c4b866222d90e44c460968ed') in 0.173525 seconds
  Import took 0.175928 seconds .

========================================================================
Received Import Request.
  Time since last request: 0.000287 seconds.
  path: Assets/Asset/Robo1/Models/Robo1.fbx
  artifactKey: Guid(08a6fb37a2f216e47bdfa76dcbe8f35e) Importer(815301076,1909f56bfc062723c751e8b465ee728b)
Start importing Assets/Asset/Robo1/Models/Robo1.fbx using Guid(08a6fb37a2f216e47bdfa76dcbe8f35e) Importer(815301076,1909f56bfc062723c751e8b465ee728b)  -> (artifact id: '0f0797c563069885fbec1446a294d2aa') in 0.084301 seconds
  Import took 0.086268 seconds .

========================================================================
Received Prepare
Registering precompiled user dll's ...
Registered in 0.001042 seconds.
Begin MonoManager ReloadAssembly
Native extension for WindowsStandalone target not found
Refreshing native plugins compatible for Editor in 0.48 ms, found 0 plugins.
Preloading 0 native plugins for Editor in 0.00 ms.
Mono: successfully reloaded assembly
- Completed reload, in  0.863 seconds
Platform modules already initialized, skipping
Refreshing native plugins compatible for Editor in 0.31 ms, found 0 plugins.
Preloading 0 native plugins for Editor in 0.00 ms.
Unloading 1125 Unused Serialized files (Serialized files now loaded: 0)
System memory in use before: 89.6 MB.
System memory in use after: 89.7 MB.

Unloading 6 unused Assets to reduce memory usage. Loaded Objects now: 1714.
Total: 3.638200 ms (FindLiveObjects: 0.182700 ms CreateObjectMapping: 0.041900 ms MarkObjects: 3.272500 ms  DeleteObjects: 0.139400 ms)

AssetImportWorkerClient::OnTransportError - code=2 error=End of file
